<?xml version="1.0" encoding="UTF-8"?>
<testng-results ignored="1" total="2" passed="1" failed="0" skipped="0">
  <reporter-output>
  </reporter-output>
  <suite started-at="2022-12-13T09:55:38 PST" name="Default Suite" finished-at="2022-12-13T09:55:42 PST" duration-ms="4161">
    <groups>
    </groups>
    <test started-at="2022-12-13T09:55:38 PST" name="ase" finished-at="2022-12-13T09:55:42 PST" duration-ms="4161">
      <class name="as1">
        <test-method signature="test1()[pri:0, instance:as1@442675e1]" started-at="2022-12-13T09:55:38 PST" name="test1" finished-at="2022-12-13T09:55:42 PST" duration-ms="4068" status="PASS">
          <reporter-output>
          </reporter-output>
        </test-method> <!-- test1 -->
      </class> <!-- as1 -->
    </test> <!-- ase -->
  </suite> <!-- Default Suite -->
</testng-results>
